2025-12-04 18:25:17,119 - scanner - INFO - Repository Security Scanner API starting up...
2025-12-04 18:25:17,119 - scanner - INFO - CORS enabled for: ['http://localhost:5173', 'http://localhost:3000', 'http://127.0.0.1:5173', 'http://127.0.0.1:3000']
2025-12-04 18:25:25,854 - scanner - INFO - Fetched 3 repositories for user 'solilosblog'
2025-12-04 18:25:37,774 - scanner - INFO - Scan queued: kheechmeriphoto_20251204_125537
2025-12-04 18:25:37,798 - scanner - INFO - Background scan started for kheechmeriphoto_20251204_125537
2025-12-04 18:25:37,800 - scanner - INFO - Starting scan for repository: https://github.com/solilosblog/kheechmeriphoto.git
2025-12-04 18:25:38,141 - scanner - INFO - Cloning repository: https://github.com/solilosblog/kheechmeriphoto.git
2025-12-04 18:25:38,155 - scanner - ERROR - Clone failed: Cmd('git') failed due to: '"kill_after_timeout" feature is not supported on Windows.'
  cmdline: git clone --depth=1 --single-branch -v https://github.com/solilosblog/kheechmeriphoto.git ./repos\solilosblog_kheechmeriphoto_1567881e
2025-12-04 18:25:38,155 - scanner - INFO - Background scan completed for kheechmeriphoto_20251204_125537
2025-12-04 18:25:40,664 - scanner - INFO - Scan queued: kheechmeriphoto_20251204_125540
2025-12-04 18:25:40,668 - scanner - INFO - Background scan started for kheechmeriphoto_20251204_125540
2025-12-04 18:25:40,669 - scanner - INFO - Starting scan for repository: https://github.com/solilosblog/kheechmeriphoto.git
2025-12-04 18:25:40,686 - scanner - INFO - Cloning repository: https://github.com/solilosblog/kheechmeriphoto.git
2025-12-04 18:25:40,690 - scanner - ERROR - Clone failed: Cmd('git') failed due to: '"kill_after_timeout" feature is not supported on Windows.'
  cmdline: git clone --depth=1 --single-branch -v https://github.com/solilosblog/kheechmeriphoto.git ./repos\solilosblog_kheechmeriphoto_1567881e
2025-12-04 18:25:40,692 - scanner - INFO - Background scan completed for kheechmeriphoto_20251204_125540
2025-12-04 18:25:41,508 - scanner - INFO - Scan queued: kheechmeriphoto_20251204_125541
2025-12-04 18:25:41,514 - scanner - INFO - Background scan started for kheechmeriphoto_20251204_125541
2025-12-04 18:25:41,516 - scanner - INFO - Starting scan for repository: https://github.com/solilosblog/kheechmeriphoto.git
2025-12-04 18:25:41,520 - scanner - INFO - Cloning repository: https://github.com/solilosblog/kheechmeriphoto.git
2025-12-04 18:25:41,528 - scanner - ERROR - Clone failed: Cmd('git') failed due to: '"kill_after_timeout" feature is not supported on Windows.'
  cmdline: git clone --depth=1 --single-branch -v https://github.com/solilosblog/kheechmeriphoto.git ./repos\solilosblog_kheechmeriphoto_1567881e
2025-12-04 18:25:41,529 - scanner - INFO - Background scan completed for kheechmeriphoto_20251204_125541
2025-12-04 18:32:18,796 - scanner - INFO - Repository Security Scanner API shutting down...
2025-12-04 18:32:20,947 - scanner - INFO - Repository Security Scanner API starting up...
2025-12-04 18:32:20,948 - scanner - INFO - CORS enabled for: ['http://localhost:5173', 'http://localhost:3000', 'http://127.0.0.1:5173', 'http://127.0.0.1:3000']
2025-12-04 18:33:18,729 - scanner - INFO - Repository Security Scanner API shutting down...
2025-12-04 18:33:20,206 - scanner - INFO - Repository Security Scanner API starting up...
2025-12-04 18:33:20,206 - scanner - INFO - CORS enabled for: ['http://localhost:5173', 'http://localhost:3000', 'http://127.0.0.1:5173', 'http://127.0.0.1:3000']
2025-12-04 18:33:40,964 - scanner - INFO - Scan queued: kheechmeriphoto_20251204_130340
2025-12-04 18:33:40,985 - scanner - INFO - Background scan started for kheechmeriphoto_20251204_130340
2025-12-04 18:33:40,985 - scanner - INFO - Starting scan for repository: https://github.com/solilosblog/kheechmeriphoto.git
2025-12-04 18:33:41,312 - scanner - INFO - Cloning repository: https://github.com/solilosblog/kheechmeriphoto.git
2025-12-04 18:33:42,411 - scanner - INFO - Scan queued: kheechmeriphoto_20251204_130342
2025-12-04 18:33:42,411 - scanner - INFO - Background scan started for kheechmeriphoto_20251204_130342
2025-12-04 18:33:42,415 - scanner - INFO - Starting scan for repository: https://github.com/solilosblog/kheechmeriphoto.git
2025-12-04 18:33:42,416 - scanner - WARNING - Repository path exists, removing: ./repos\solilosblog_kheechmeriphoto_1567881e
2025-12-04 18:33:42,465 - scanner - INFO - Cloning repository: https://github.com/solilosblog/kheechmeriphoto.git
2025-12-04 18:33:43,232 - scanner - INFO - Successfully cloned repository to ./repos\solilosblog_kheechmeriphoto_1567881e
2025-12-04 18:33:43,232 - scanner - INFO - Starting secret scan...
2025-12-04 18:33:43,243 - scanner - INFO - Running TruffleHog scan...
2025-12-04 18:33:43,590 - scanner - INFO - TruffleHog found 0 issues
2025-12-04 18:33:43,593 - scanner - INFO - Scanning 2 sensitive files...
2025-12-04 18:33:43,710 - scanner - INFO - Found 0 unique secrets
2025-12-04 18:33:43,710 - scanner - INFO - Starting dependency scan...
2025-12-04 18:33:44,129 - scanner - ERROR - Clone failed: Cmd('git') failed due to: exit code(128)
  cmdline: git clone --depth=1 --single-branch -v https://github.com/solilosblog/kheechmeriphoto.git ./repos\solilosblog_kheechmeriphoto_1567881e
  stderr: 'Cloning into './repos\solilosblog_kheechmeriphoto_1567881e'...
POST git-upload-pack (428 bytes)
POST git-upload-pack (347 bytes)
fatal: multiple updates for ref 'refs/remotes/origin/main' not allowed
'
2025-12-04 18:33:44,129 - scanner - INFO - Cleaned up repository: ./repos\solilosblog_kheechmeriphoto_1567881e
2025-12-04 18:33:44,130 - scanner - INFO - Background scan completed for kheechmeriphoto_20251204_130342
2025-12-04 18:33:46,916 - scanner - INFO - Generating repository summary...
2025-12-04 18:33:46,916 - scanner - INFO - Scan completed in 5.93s - Found 0 secrets
2025-12-04 18:33:46,916 - scanner - INFO - Cleaned up repository: ./repos\solilosblog_kheechmeriphoto_1567881e
2025-12-04 18:33:46,916 - scanner - INFO - Background scan completed for kheechmeriphoto_20251204_130340
2025-12-04 18:33:57,199 - scanner - INFO - Scan queued: omnigaurd-java_20251204_130357
2025-12-04 18:33:57,215 - scanner - INFO - Background scan started for omnigaurd-java_20251204_130357
2025-12-04 18:33:57,217 - scanner - INFO - Starting scan for repository: https://github.com/solilosblog/omnigaurd-java.git
2025-12-04 18:33:57,224 - scanner - INFO - Cloning repository: https://github.com/solilosblog/omnigaurd-java.git
2025-12-04 18:33:58,655 - scanner - INFO - Scan queued: omnigaurd-java_20251204_130358
2025-12-04 18:33:58,659 - scanner - INFO - Background scan started for omnigaurd-java_20251204_130358
2025-12-04 18:33:58,659 - scanner - INFO - Starting scan for repository: https://github.com/solilosblog/omnigaurd-java.git
2025-12-04 18:33:58,661 - scanner - WARNING - Repository path exists, removing: ./repos\solilosblog_omnigaurd-java_e3e98565
2025-12-04 18:33:58,682 - scanner - INFO - Cloning repository: https://github.com/solilosblog/omnigaurd-java.git
2025-12-04 18:33:58,813 - scanner - ERROR - Clone failed: Cmd('git') failed due to: exit code(128)
  cmdline: git clone --depth=1 --single-branch -v https://github.com/solilosblog/omnigaurd-java.git ./repos\solilosblog_omnigaurd-java_e3e98565
  stderr: 'Cloning into './repos\solilosblog_omnigaurd-java_e3e98565'...
POST git-upload-pack (185 bytes)
POST git-upload-pack (254 bytes)
fatal: Unable to create 'C:/Users/DVIO-IT/Desktop/DVIO ONE/repo-scanner/backend/repos/solilosblog_omnigaurd-java_e3e98565/.git/shallow.lock': No such file or directory
'
2025-12-04 18:33:58,837 - scanner - INFO - Cleaned up repository: ./repos\solilosblog_omnigaurd-java_e3e98565
2025-12-04 18:33:58,842 - scanner - INFO - Background scan completed for omnigaurd-java_20251204_130357
2025-12-04 18:34:01,419 - scanner - INFO - Successfully cloned repository to ./repos\solilosblog_omnigaurd-java_e3e98565
2025-12-04 18:34:01,419 - scanner - INFO - Starting secret scan...
2025-12-04 18:34:01,424 - scanner - INFO - Running TruffleHog scan...
2025-12-04 18:34:01,763 - scanner - INFO - TruffleHog found 0 issues
2025-12-04 18:34:01,763 - scanner - INFO - Scanning 4 sensitive files...
2025-12-04 18:34:01,858 - scanner - INFO - Found 2 unique secrets
2025-12-04 18:34:01,859 - scanner - INFO - Starting dependency scan...
2025-12-04 18:34:04,300 - scanner - INFO - Generating repository summary...
2025-12-04 18:34:04,302 - scanner - INFO - Scan completed in 5.64s - Found 2 secrets
2025-12-04 18:34:04,317 - scanner - INFO - Cleaned up repository: ./repos\solilosblog_omnigaurd-java_e3e98565
2025-12-04 18:34:04,325 - scanner - INFO - Background scan completed for omnigaurd-java_20251204_130358
2025-12-04 18:34:21,101 - scanner - INFO - Scan queued: omnigaurd-java_20251204_130421
2025-12-04 18:34:21,105 - scanner - INFO - Background scan started for omnigaurd-java_20251204_130421
2025-12-04 18:34:21,105 - scanner - INFO - Starting scan for repository: https://github.com/solilosblog/omnigaurd-java.git
2025-12-04 18:34:21,108 - scanner - WARNING - Repository path exists, removing: ./repos\solilosblog_omnigaurd-java_e3e98565
2025-12-04 18:34:21,117 - scanner - INFO - Cloning repository: https://github.com/solilosblog/omnigaurd-java.git
2025-12-04 18:34:21,224 - scanner - ERROR - Clone failed: Cmd('git') failed due to: exit code(128)
  cmdline: git clone --depth=1 --single-branch -v https://github.com/solilosblog/omnigaurd-java.git ./repos\solilosblog_omnigaurd-java_e3e98565
  stderr: 'fatal: destination path './repos\solilosblog_omnigaurd-java_e3e98565' already exists and is not an empty directory.
'
2025-12-04 18:34:21,229 - scanner - INFO - Cleaned up repository: ./repos\solilosblog_omnigaurd-java_e3e98565
2025-12-04 18:34:21,230 - scanner - INFO - Background scan completed for omnigaurd-java_20251204_130421
2025-12-04 18:34:29,804 - scanner - INFO - Scan queued: omnigaurd-java_20251204_130429
2025-12-04 18:34:29,810 - scanner - INFO - Background scan started for omnigaurd-java_20251204_130429
2025-12-04 18:34:29,814 - scanner - INFO - Starting scan for repository: https://github.com/solilosblog/omnigaurd-java.git
2025-12-04 18:34:29,818 - scanner - WARNING - Repository path exists, removing: ./repos\solilosblog_omnigaurd-java_e3e98565
2025-12-04 18:34:29,852 - scanner - INFO - Cloning repository: https://github.com/solilosblog/omnigaurd-java.git
2025-12-04 18:34:29,950 - scanner - ERROR - Clone failed: Cmd('git') failed due to: exit code(128)
  cmdline: git clone --depth=1 --single-branch -v https://github.com/solilosblog/omnigaurd-java.git ./repos\solilosblog_omnigaurd-java_e3e98565
  stderr: 'fatal: destination path './repos\solilosblog_omnigaurd-java_e3e98565' already exists and is not an empty directory.
'
2025-12-04 18:34:29,951 - scanner - INFO - Cleaned up repository: ./repos\solilosblog_omnigaurd-java_e3e98565
2025-12-04 18:34:29,951 - scanner - INFO - Background scan completed for omnigaurd-java_20251204_130429
2025-12-04 18:35:02,438 - scanner - INFO - Repository Security Scanner API shutting down...
2025-12-04 18:47:39,300 - scanner - INFO - Repository Security Scanner API starting up...
2025-12-04 18:47:39,300 - scanner - INFO - CORS enabled for: ['http://localhost:5173', 'http://localhost:3000', 'http://127.0.0.1:5173', 'http://127.0.0.1:3000']
2025-12-04 18:47:50,434 - scanner - INFO - Fetched 36 repositories for user 'Niraj-22'
2025-12-04 18:47:57,767 - scanner - INFO - Scan queued: travel-assistant_20251204_131757
2025-12-04 18:47:57,783 - scanner - INFO - Background scan started for travel-assistant_20251204_131757
2025-12-04 18:47:57,787 - scanner - INFO - Starting scan for repository: https://github.com/Niraj-22/travel-assistant.git
2025-12-04 18:47:58,093 - scanner - INFO - Cloning repository: https://github.com/Niraj-22/travel-assistant.git
2025-12-04 18:48:01,294 - scanner - INFO - Successfully cloned repository to ./repos\Niraj-22_travel-assistant_1db49386
2025-12-04 18:48:01,294 - scanner - INFO - Starting secret scan...
2025-12-04 18:48:01,307 - scanner - INFO - Running TruffleHog scan...
2025-12-04 18:48:02,089 - scanner - INFO - TruffleHog found 0 issues
2025-12-04 18:48:02,093 - scanner - INFO - Scanning 5 sensitive files...
2025-12-04 18:48:02,244 - scanner - INFO - Found 0 unique secrets
2025-12-04 18:48:02,244 - scanner - INFO - Starting dependency scan...
2025-12-04 18:48:07,676 - scanner - INFO - Running npm audit...
2025-12-04 18:48:12,991 - scanner - INFO - Generating repository summary...
2025-12-04 18:48:13,005 - scanner - INFO - Scan completed in 15.22s - Found 0 secrets
2025-12-04 18:48:13,331 - scanner - INFO - Cleaned up repository: ./repos\Niraj-22_travel-assistant_1db49386
2025-12-04 18:48:13,337 - scanner - INFO - Background scan completed for travel-assistant_20251204_131757
2025-12-04 18:49:25,532 - scanner - INFO - Scan queued: blog-frontend_20251204_131925
2025-12-04 18:49:25,542 - scanner - INFO - Background scan started for blog-frontend_20251204_131925
2025-12-04 18:49:25,559 - scanner - INFO - Starting scan for repository: https://github.com/Niraj-22/blog-frontend.git
2025-12-04 18:49:25,563 - scanner - INFO - Cloning repository: https://github.com/Niraj-22/blog-frontend.git
2025-12-04 18:49:27,850 - scanner - INFO - Successfully cloned repository to ./repos\Niraj-22_blog-frontend_4db3894d
2025-12-04 18:49:27,850 - scanner - INFO - Starting secret scan...
2025-12-04 18:49:28,046 - scanner - INFO - Running TruffleHog scan...
2025-12-04 18:49:30,532 - scanner - INFO - TruffleHog found 0 issues
2025-12-04 18:49:30,532 - scanner - INFO - Scanning 3 sensitive files...
2025-12-04 18:49:30,766 - scanner - INFO - Found 0 unique secrets
2025-12-04 18:49:30,766 - scanner - INFO - Starting dependency scan...
2025-12-04 18:49:37,116 - scanner - INFO - Running npm audit...
2025-12-04 18:49:42,616 - scanner - INFO - Generating repository summary...
2025-12-04 18:49:42,621 - scanner - INFO - Scan completed in 17.06s - Found 0 secrets
2025-12-04 18:49:42,694 - scanner - INFO - Cleaned up repository: ./repos\Niraj-22_blog-frontend_4db3894d
2025-12-04 18:49:42,694 - scanner - INFO - Background scan completed for blog-frontend_20251204_131925
2025-12-04 18:50:13,013 - scanner - INFO - Fetched 3 repositories for user 'solilosblog'
2025-12-04 18:50:15,675 - scanner - INFO - Scan queued: omnigaurd-java_20251204_132015
2025-12-04 18:50:15,687 - scanner - INFO - Background scan started for omnigaurd-java_20251204_132015
2025-12-04 18:50:15,689 - scanner - INFO - Starting scan for repository: https://github.com/solilosblog/omnigaurd-java.git
2025-12-04 18:50:15,690 - scanner - WARNING - Repository path exists, removing: ./repos\solilosblog_omnigaurd-java_e3e98565
2025-12-04 18:50:15,700 - scanner - INFO - Cloning repository: https://github.com/solilosblog/omnigaurd-java.git
2025-12-04 18:50:15,842 - scanner - ERROR - Clone failed: Cmd('git') failed due to: exit code(128)
  cmdline: git clone --depth=1 --single-branch -v https://github.com/solilosblog/omnigaurd-java.git ./repos\solilosblog_omnigaurd-java_e3e98565
  stderr: 'fatal: destination path './repos\solilosblog_omnigaurd-java_e3e98565' already exists and is not an empty directory.
'
2025-12-04 18:50:15,846 - scanner - INFO - Cleaned up repository: ./repos\solilosblog_omnigaurd-java_e3e98565
2025-12-04 18:50:15,846 - scanner - INFO - Background scan completed for omnigaurd-java_20251204_132015
2025-12-04 21:46:10,616 - scanner - INFO - Repository Security Scanner API starting up...
2025-12-04 21:46:10,616 - scanner - INFO - CORS enabled for: ['http://localhost:5173', 'http://localhost:3000', 'http://127.0.0.1:5173', 'http://127.0.0.1:3000']
2025-12-04 21:58:54,882 - scanner - INFO - Repository Security Scanner API shutting down...
2025-12-04 21:58:56,849 - scanner - INFO - Repository Security Scanner API starting up...
2025-12-04 21:58:56,849 - scanner - INFO - CORS enabled for: ['http://localhost:5173', 'http://localhost:3000', 'http://127.0.0.1:5173', 'http://127.0.0.1:3000']
2025-12-04 21:58:56,969 - scanner - INFO - Repository Security Scanner API shutting down...
2025-12-04 21:58:57,732 - scanner - INFO - Repository Security Scanner API starting up...
2025-12-04 21:58:57,732 - scanner - INFO - CORS enabled for: ['http://localhost:5173', 'http://localhost:3000', 'http://127.0.0.1:5173', 'http://127.0.0.1:3000']
2025-12-04 22:01:53,355 - scanner - INFO - Repository Security Scanner API shutting down...
2025-12-04 22:01:54,122 - scanner - INFO - Repository Security Scanner API starting up...
2025-12-04 22:01:54,122 - scanner - INFO - CORS enabled for: ['http://localhost:5173', 'http://localhost:3000', 'http://127.0.0.1:5173', 'http://127.0.0.1:3000']
2025-12-04 22:01:54,333 - scanner - INFO - Repository Security Scanner API shutting down...
2025-12-04 22:01:55,115 - scanner - INFO - Repository Security Scanner API starting up...
2025-12-04 22:01:55,115 - scanner - INFO - CORS enabled for: ['http://localhost:5173', 'http://localhost:3000', 'http://127.0.0.1:5173', 'http://127.0.0.1:3000']
2025-12-04 22:02:11,365 - scanner - INFO - Fetched 36 repositories for user 'Niraj-22'
2025-12-04 22:02:14,050 - scanner - INFO - Scan queued: terminal-portfolio-v3_20251204_163214
2025-12-04 22:02:14,051 - scanner - INFO - Background scan started for terminal-portfolio-v3_20251204_163214
2025-12-04 22:02:14,051 - scanner - INFO - Starting scan for repository: https://github.com/Niraj-22/terminal-portfolio-v3.git
2025-12-04 22:02:14,396 - scanner - INFO - Cloning repository: https://github.com/Niraj-22/terminal-portfolio-v3.git
2025-12-04 22:02:17,345 - scanner - INFO - Successfully cloned repository to ./repos\Niraj-22_terminal-portfolio-v3_ce4b8d53
2025-12-04 22:02:17,349 - scanner - INFO - Starting secret scan...
2025-12-04 22:02:17,367 - scanner - INFO - Running TruffleHog scan...
2025-12-04 22:02:18,496 - scanner - INFO - TruffleHog found 0 issues
2025-12-04 22:02:18,498 - scanner - INFO - Scanning 16 sensitive files...
2025-12-04 22:02:18,999 - scanner - INFO - Found 0 unique secrets
2025-12-04 22:02:18,999 - scanner - INFO - Starting dependency scan...
2025-12-04 22:02:30,561 - scanner - INFO - Running npm audit...
2025-12-04 22:03:12,077 - scanner - INFO - Generating repository summary...
2025-12-04 22:03:12,077 - scanner - INFO - Scan completed in 58.03s - Found 0 secrets
2025-12-04 22:03:12,092 - scanner - INFO - Cleaned up repository: ./repos\Niraj-22_terminal-portfolio-v3_ce4b8d53
2025-12-04 22:03:12,095 - scanner - INFO - Background scan completed for terminal-portfolio-v3_20251204_163214
2025-12-04 22:03:22,024 - scanner - INFO - Scan queued: terminal-portfolio-v3_20251204_163322
2025-12-04 22:03:22,026 - scanner - INFO - Background scan started for terminal-portfolio-v3_20251204_163322
2025-12-04 22:03:22,033 - scanner - INFO - Starting scan for repository: https://github.com/Niraj-22/terminal-portfolio-v3.git
2025-12-04 22:03:22,034 - scanner - WARNING - Repository path exists, removing: ./repos\Niraj-22_terminal-portfolio-v3_ce4b8d53
2025-12-04 22:03:22,040 - scanner - INFO - Cloning repository: https://github.com/Niraj-22/terminal-portfolio-v3.git
2025-12-04 22:03:22,110 - scanner - ERROR - Clone failed: Cmd('git') failed due to: exit code(128)
  cmdline: git clone --depth=1 --single-branch -v https://github.com/Niraj-22/terminal-portfolio-v3.git ./repos\Niraj-22_terminal-portfolio-v3_ce4b8d53
  stderr: 'fatal: destination path './repos\Niraj-22_terminal-portfolio-v3_ce4b8d53' already exists and is not an empty directory.
'
2025-12-04 22:03:22,110 - scanner - INFO - Cleaned up repository: ./repos\Niraj-22_terminal-portfolio-v3_ce4b8d53
2025-12-04 22:03:22,110 - scanner - INFO - Background scan completed for terminal-portfolio-v3_20251204_163322
2025-12-04 22:03:53,753 - scanner - INFO - Fetched 3 repositories for user 'solilosblog'
2025-12-04 22:04:00,004 - scanner - INFO - Scan queued: omnigaurd-java_20251204_163400
2025-12-04 22:04:00,008 - scanner - INFO - Background scan started for omnigaurd-java_20251204_163400
2025-12-04 22:04:00,008 - scanner - INFO - Starting scan for repository: https://github.com/solilosblog/omnigaurd-java.git
2025-12-04 22:04:00,008 - scanner - WARNING - Repository path exists, removing: ./repos\solilosblog_omnigaurd-java_e3e98565
2025-12-04 22:04:00,017 - scanner - INFO - Cloning repository: https://github.com/solilosblog/omnigaurd-java.git
2025-12-04 22:04:00,106 - scanner - ERROR - Clone failed: Cmd('git') failed due to: exit code(128)
  cmdline: git clone --depth=1 --single-branch -v https://github.com/solilosblog/omnigaurd-java.git ./repos\solilosblog_omnigaurd-java_e3e98565
  stderr: 'fatal: destination path './repos\solilosblog_omnigaurd-java_e3e98565' already exists and is not an empty directory.
'
2025-12-04 22:04:00,106 - scanner - INFO - Cleaned up repository: ./repos\solilosblog_omnigaurd-java_e3e98565
2025-12-04 22:04:00,106 - scanner - INFO - Background scan completed for omnigaurd-java_20251204_163400
2025-12-04 22:04:26,280 - scanner - INFO - Scan queued: omnigaurd-java_20251204_163426
2025-12-04 22:04:26,281 - scanner - INFO - Background scan started for omnigaurd-java_20251204_163426
2025-12-04 22:04:26,282 - scanner - INFO - Starting scan for repository: https://github.com/solilosblog/omnigaurd-java.git
2025-12-04 22:04:26,282 - scanner - WARNING - Repository path exists, removing: ./repos\solilosblog_omnigaurd-java_e3e98565
2025-12-04 22:04:26,284 - scanner - INFO - Cloning repository: https://github.com/solilosblog/omnigaurd-java.git
2025-12-04 22:04:26,357 - scanner - ERROR - Clone failed: Cmd('git') failed due to: exit code(128)
  cmdline: git clone --depth=1 --single-branch -v https://github.com/solilosblog/omnigaurd-java.git ./repos\solilosblog_omnigaurd-java_e3e98565
  stderr: 'fatal: destination path './repos\solilosblog_omnigaurd-java_e3e98565' already exists and is not an empty directory.
'
2025-12-04 22:04:26,360 - scanner - INFO - Cleaned up repository: ./repos\solilosblog_omnigaurd-java_e3e98565
2025-12-04 22:04:26,361 - scanner - INFO - Background scan completed for omnigaurd-java_20251204_163426
2025-12-04 22:05:22,150 - scanner - INFO - Scan queued: omnigaurd-java_20251204_163522
2025-12-04 22:05:22,150 - scanner - INFO - Background scan started for omnigaurd-java_20251204_163522
2025-12-04 22:05:22,150 - scanner - INFO - Starting scan for repository: https://github.com/solilosblog/omnigaurd-java.git
2025-12-04 22:05:22,150 - scanner - INFO - Cloning repository: https://github.com/solilosblog/omnigaurd-java.git
2025-12-04 22:05:24,249 - scanner - INFO - Successfully cloned repository to ./repos\solilosblog_omnigaurd-java_e3e98565
2025-12-04 22:05:24,249 - scanner - INFO - Starting secret scan...
2025-12-04 22:05:24,249 - scanner - INFO - Running TruffleHog scan...
2025-12-04 22:05:24,449 - scanner - INFO - TruffleHog found 0 issues
2025-12-04 22:05:24,453 - scanner - INFO - Scanning 13 sensitive files...
2025-12-04 22:05:24,534 - scanner - INFO - Found 4 unique secrets
2025-12-04 22:05:24,534 - scanner - INFO - Starting dependency scan...
2025-12-04 22:05:25,749 - scanner - INFO - Generating repository summary...
2025-12-04 22:05:25,749 - scanner - INFO - Scan completed in 3.60s - Found 4 secrets
2025-12-04 22:05:25,754 - scanner - INFO - Cleaned up repository: ./repos\solilosblog_omnigaurd-java_e3e98565
2025-12-04 22:05:25,754 - scanner - INFO - Background scan completed for omnigaurd-java_20251204_163522
2025-12-04 22:06:48,049 - scanner - INFO - Scan queued: omnigaurd-java_20251204_163648
2025-12-04 22:06:48,051 - scanner - INFO - Background scan started for omnigaurd-java_20251204_163648
2025-12-04 22:06:48,051 - scanner - INFO - Starting scan for repository: https://github.com/solilosblog/omnigaurd-java.git
2025-12-04 22:06:48,052 - scanner - WARNING - Repository path exists, removing: ./repos\solilosblog_omnigaurd-java_e3e98565
2025-12-04 22:06:48,053 - scanner - INFO - Cloning repository: https://github.com/solilosblog/omnigaurd-java.git
2025-12-04 22:06:48,137 - scanner - ERROR - Clone failed: Cmd('git') failed due to: exit code(128)
  cmdline: git clone --depth=1 --single-branch -v https://github.com/solilosblog/omnigaurd-java.git ./repos\solilosblog_omnigaurd-java_e3e98565
  stderr: 'fatal: destination path './repos\solilosblog_omnigaurd-java_e3e98565' already exists and is not an empty directory.
'
2025-12-04 22:06:48,139 - scanner - INFO - Cleaned up repository: ./repos\solilosblog_omnigaurd-java_e3e98565
2025-12-04 22:06:48,140 - scanner - INFO - Background scan completed for omnigaurd-java_20251204_163648
2025-12-04 22:11:38,583 - scanner - INFO - Scan queued: kheechmeriphoto_20251204_164138
2025-12-04 22:11:38,586 - scanner - INFO - Background scan started for kheechmeriphoto_20251204_164138
2025-12-04 22:11:38,587 - scanner - INFO - Starting scan for repository: https://github.com/solilosblog/kheechmeriphoto.git
2025-12-04 22:11:38,587 - scanner - INFO - Cloning repository: https://github.com/solilosblog/kheechmeriphoto.git
2025-12-04 22:11:40,599 - scanner - INFO - Successfully cloned repository to ./repos\solilosblog_kheechmeriphoto_1567881e
2025-12-04 22:11:40,599 - scanner - INFO - Starting secret scan...
2025-12-04 22:11:40,610 - scanner - INFO - Running TruffleHog scan...
2025-12-04 22:11:41,174 - scanner - INFO - TruffleHog found 0 issues
2025-12-04 22:11:41,174 - scanner - INFO - Scanning 6 sensitive files...
2025-12-04 22:11:41,473 - scanner - INFO - Found 0 unique secrets
2025-12-04 22:11:41,473 - scanner - INFO - Starting dependency scan...
2025-12-04 22:11:45,755 - scanner - INFO - Running npm audit...
2025-12-04 22:11:50,061 - scanner - INFO - Generating repository summary...
2025-12-04 22:11:50,061 - scanner - INFO - Scan completed in 11.47s - Found 0 secrets
2025-12-04 22:11:50,061 - scanner - INFO - Cleaned up repository: ./repos\solilosblog_kheechmeriphoto_1567881e
2025-12-04 22:11:50,061 - scanner - INFO - Background scan completed for kheechmeriphoto_20251204_164138
2025-12-04 22:18:28,188 - scanner - INFO - Repository Security Scanner API shutting down...
2025-12-04 16:59:36,940 - scanner - INFO - Repository Security Scanner API starting up...
2025-12-04 16:59:36,941 - scanner - INFO - CORS enabled for: ['http://localhost:5173', 'http://localhost:3000', 'http://127.0.0.1:5173', 'http://127.0.0.1:3000']
2025-12-04 16:59:37,009 - scanner - ERROR - Database init failed: (psycopg2.OperationalError) connection to server at "db" (172.20.0.2), port 5432 failed: Connection refused
	Is the server running on that host and accepting TCP/IP connections?

(Background on this error at: https://sqlalche.me/e/20/e3q8)
2025-12-04 16:59:43,878 - scanner - INFO - Repository Security Scanner API shutting down...
2025-12-04 16:59:44,711 - scanner - INFO - Repository Security Scanner API starting up...
2025-12-04 16:59:44,712 - scanner - INFO - CORS enabled for: ['http://localhost:5173', 'http://localhost:3000', 'http://127.0.0.1:5173', 'http://127.0.0.1:3000']
2025-12-04 16:59:44,749 - scanner - ERROR - Database init failed: (psycopg2.OperationalError) connection to server at "db" (172.20.0.2), port 5432 failed: Connection refused
	Is the server running on that host and accepting TCP/IP connections?

(Background on this error at: https://sqlalche.me/e/20/e3q8)
2025-12-04 17:01:29,604 - scanner - INFO - Repository Security Scanner API shutting down...
2025-12-04 17:01:30,169 - scanner - INFO - Repository Security Scanner API starting up...
2025-12-04 17:01:30,171 - scanner - INFO - CORS enabled for: ['http://localhost:5173', 'http://localhost:3000', 'http://127.0.0.1:5173', 'http://127.0.0.1:3000']
2025-12-04 17:01:30,406 - scanner - INFO - Database initialized
2025-12-04 17:01:36,625 - scanner - INFO - Repository Security Scanner API shutting down...
2025-12-04 17:01:37,100 - scanner - INFO - Repository Security Scanner API starting up...
2025-12-04 17:01:37,101 - scanner - INFO - CORS enabled for: ['http://localhost:5173', 'http://localhost:3000', 'http://127.0.0.1:5173', 'http://127.0.0.1:3000']
2025-12-04 17:01:37,153 - scanner - INFO - Database initialized
2025-12-04 17:01:37,856 - scanner - INFO - Repository Security Scanner API shutting down...
2025-12-04 17:01:38,317 - scanner - INFO - Repository Security Scanner API starting up...
2025-12-04 17:01:38,317 - scanner - INFO - CORS enabled for: ['http://localhost:5173', 'http://localhost:3000', 'http://127.0.0.1:5173', 'http://127.0.0.1:3000']
2025-12-04 17:01:38,368 - scanner - INFO - Database initialized
2025-12-04 17:02:07,087 - scanner - INFO - Repository Security Scanner API shutting down...
2025-12-04 17:24:00,070 - scanner - INFO - Repository Security Scanner API starting up...
2025-12-04 17:24:00,071 - scanner - INFO - CORS enabled for: ['http://localhost:5173', 'http://localhost:3000', 'http://127.0.0.1:5173', 'http://127.0.0.1:3000']
2025-12-04 17:24:00,097 - scanner - ERROR - Database init failed: (psycopg2.OperationalError) connection to server at "db" (172.20.0.2), port 5432 failed: Connection refused
	Is the server running on that host and accepting TCP/IP connections?

(Background on this error at: https://sqlalche.me/e/20/e3q8)
2025-12-04 17:24:12,088 - scanner - INFO - Fetched 36 repositories for user 'Niraj-22'
2025-12-04 17:24:17,358 - scanner - INFO - Scan queued: terminal-portfolio-v3_20251204_172417
2025-12-04 17:24:17,359 - scanner - INFO - Background scan started for terminal-portfolio-v3_20251204_172417
2025-12-04 17:24:17,360 - scanner - INFO - Starting scan for repository: https://github.com/Niraj-22/terminal-portfolio-v3.git
2025-12-04 17:24:17,405 - scanner - INFO - Cloning repository: https://github.com/Niraj-22/terminal-portfolio-v3.git
2025-12-04 17:24:23,640 - scanner - INFO - Successfully cloned repository to ./repos/Niraj-22_terminal-portfolio-v3_ce4b8d53
2025-12-04 17:24:23,640 - scanner - INFO - Starting secret scan...
2025-12-04 17:24:23,643 - scanner - WARNING - TruffleHog not found, skipping
2025-12-04 17:24:23,710 - scanner - INFO - Scanning 16 sensitive files...
2025-12-04 17:24:23,943 - scanner - INFO - Found 0 unique secrets
2025-12-04 17:24:23,944 - scanner - INFO - Starting dependency scan...
2025-12-04 17:24:51,104 - scanner - INFO - Running npm audit...
2025-12-04 17:24:55,104 - scanner - INFO - Running Snyk test...
2025-12-04 17:25:03,108 - scanner - INFO - Running Semgrep...
2025-12-04 17:25:05,594 - scanner - INFO - Generating repository summary...
2025-12-04 17:25:05,826 - scanner - INFO - Scan completed in 48.47s - Found 0 secrets
2025-12-04 17:25:06,378 - scanner - INFO - Cleaned up repository: ./repos/Niraj-22_terminal-portfolio-v3_ce4b8d53
2025-12-04 17:25:06,403 - scanner - INFO - Background scan completed for terminal-portfolio-v3_20251204_172417
2025-12-04 17:26:32,905 - scanner - INFO - Fetched 3 repositories for user 'solilosblog'
2025-12-04 17:26:34,287 - scanner - INFO - Scan queued: omnigaurd-java_20251204_172634
2025-12-04 17:26:34,289 - scanner - INFO - Background scan started for omnigaurd-java_20251204_172634
2025-12-04 17:26:34,290 - scanner - INFO - Starting scan for repository: https://github.com/solilosblog/omnigaurd-java.git
2025-12-04 17:26:34,294 - scanner - INFO - Cloning repository: https://github.com/solilosblog/omnigaurd-java.git
2025-12-04 17:26:37,826 - scanner - INFO - Successfully cloned repository to ./repos/solilosblog_omnigaurd-java_e3e98565
2025-12-04 17:26:37,827 - scanner - INFO - Starting secret scan...
2025-12-04 17:26:37,830 - scanner - WARNING - TruffleHog not found, skipping
2025-12-04 17:26:38,045 - scanner - INFO - Scanning 13 sensitive files...
2025-12-04 17:26:38,128 - scanner - INFO - Found 4 unique secrets
2025-12-04 17:26:38,132 - scanner - INFO - Starting dependency scan...
2025-12-04 17:26:46,331 - scanner - INFO - Running Semgrep...
2025-12-04 17:26:50,875 - scanner - INFO - Generating repository summary...
2025-12-04 17:26:50,955 - scanner - INFO - Scan completed in 16.67s - Found 4 secrets
2025-12-04 17:26:51,213 - scanner - INFO - Cleaned up repository: ./repos/solilosblog_omnigaurd-java_e3e98565
2025-12-04 17:26:51,219 - scanner - INFO - Background scan completed for omnigaurd-java_20251204_172634
2025-12-04 17:28:09,037 - scanner - INFO - Repository Security Scanner API shutting down...
2025-12-04 17:28:09,569 - scanner - INFO - Repository Security Scanner API starting up...
2025-12-04 17:28:09,570 - scanner - INFO - CORS enabled for: ['http://localhost:5173', 'http://localhost:3000', 'http://127.0.0.1:5173', 'http://127.0.0.1:3000']
2025-12-04 17:28:09,632 - scanner - INFO - Database initialized
2025-12-04 17:28:24,395 - scanner - INFO - Repository Security Scanner API shutting down...
2025-12-04 17:28:24,955 - scanner - INFO - Repository Security Scanner API starting up...
2025-12-04 17:28:24,955 - scanner - INFO - CORS enabled for: ['http://localhost:5173', 'http://localhost:3000', 'http://127.0.0.1:5173', 'http://127.0.0.1:3000']
2025-12-04 17:28:25,007 - scanner - INFO - Database initialized
2025-12-04 17:28:49,880 - scanner - INFO - Repository Security Scanner API shutting down...
2025-12-04 17:28:50,454 - scanner - INFO - Repository Security Scanner API starting up...
2025-12-04 17:28:50,454 - scanner - INFO - CORS enabled for: ['http://localhost:5173', 'http://localhost:3000', 'http://127.0.0.1:5173', 'http://127.0.0.1:3000']
2025-12-04 17:28:50,584 - scanner - INFO - Database initialized
2025-12-04 17:31:26,536 - scanner - INFO - Repository Security Scanner API shutting down...
2025-12-04 17:31:27,372 - scanner - INFO - Repository Security Scanner API starting up...
2025-12-04 17:31:27,372 - scanner - INFO - CORS enabled for: ['http://localhost:5173', 'http://localhost:3000', 'http://127.0.0.1:5173', 'http://127.0.0.1:3000']
2025-12-04 17:31:27,441 - scanner - INFO - Database initialized
2025-12-04 17:31:50,260 - scanner - INFO - Repository Security Scanner API shutting down...
2025-12-04 17:31:50,850 - scanner - INFO - Repository Security Scanner API starting up...
2025-12-04 17:31:50,851 - scanner - INFO - CORS enabled for: ['http://localhost:5173', 'http://localhost:3000', 'http://127.0.0.1:5173', 'http://127.0.0.1:3000']
2025-12-04 17:31:50,939 - scanner - INFO - Database initialized
2025-12-04 17:32:50,350 - scanner - INFO - Repository Security Scanner API shutting down...
2025-12-04 17:32:50,949 - scanner - INFO - Repository Security Scanner API starting up...
2025-12-04 17:32:50,950 - scanner - INFO - CORS enabled for: ['http://localhost:5173', 'http://localhost:3000', 'http://127.0.0.1:5173', 'http://127.0.0.1:3000']
2025-12-04 17:32:51,003 - scanner - INFO - Database initialized
2025-12-04 17:35:00,209 - scanner - INFO - Scan queued: omnigaurd-java_20251204_173500
2025-12-04 17:35:00,217 - scanner - INFO - Background scan started for omnigaurd-java_20251204_173500
2025-12-04 17:35:00,217 - scanner - INFO - Starting scan for repository: https://github.com/solilosblog/omnigaurd-java.git
2025-12-04 17:35:00,276 - scanner - INFO - Cloning repository: https://github.com/solilosblog/omnigaurd-java.git
2025-12-04 17:35:03,547 - scanner - INFO - Successfully cloned repository to ./repos/solilosblog_omnigaurd-java_e3e98565
2025-12-04 17:35:03,547 - scanner - INFO - Starting secret scan...
2025-12-04 17:35:03,548 - scanner - WARNING - TruffleHog not found, skipping
2025-12-04 17:35:03,707 - scanner - INFO - Scanning 13 sensitive files...
2025-12-04 17:35:03,759 - scanner - INFO - Found 2 unique secrets
2025-12-04 17:35:03,760 - scanner - INFO - Starting dependency scan...
2025-12-04 17:35:15,123 - scanner - INFO - Running Semgrep...
2025-12-04 17:35:18,137 - scanner - INFO - Generating repository summary...
2025-12-04 17:35:18,323 - scanner - INFO - Scan completed in 18.11s - Found 2 secrets
2025-12-04 17:35:18,561 - scanner - INFO - Cleaned up repository: ./repos/solilosblog_omnigaurd-java_e3e98565
2025-12-04 17:35:18,575 - scanner - INFO - Background scan completed for omnigaurd-java_20251204_173500
2025-12-04 17:37:31,524 - scanner - INFO - Scan queued: omnigaurd-java_20251204_173731
2025-12-04 17:37:31,525 - scanner - INFO - Background scan started for omnigaurd-java_20251204_173731
2025-12-04 17:37:31,526 - scanner - INFO - Starting scan for repository: https://github.com/solilosblog/omnigaurd-java.git
2025-12-04 17:37:31,528 - scanner - INFO - Cloning repository: https://github.com/solilosblog/omnigaurd-java.git
2025-12-04 17:37:34,423 - scanner - INFO - Successfully cloned repository to ./repos/solilosblog_omnigaurd-java_e3e98565
2025-12-04 17:37:34,425 - scanner - INFO - Starting secret scan...
2025-12-04 17:37:34,426 - scanner - WARNING - TruffleHog not found, skipping
2025-12-04 17:37:34,583 - scanner - INFO - Scanning 13 sensitive files...
2025-12-04 17:37:34,636 - scanner - INFO - Found 2 unique secrets
2025-12-04 17:37:34,636 - scanner - INFO - Starting dependency scan...
2025-12-04 17:37:45,442 - scanner - INFO - Running Semgrep...
2025-12-04 17:37:49,320 - scanner - INFO - Generating repository summary...
2025-12-04 17:37:49,657 - scanner - INFO - Scan completed in 18.13s - Found 2 secrets
2025-12-04 17:37:50,132 - scanner - INFO - Cleaned up repository: ./repos/solilosblog_omnigaurd-java_e3e98565
2025-12-04 17:37:50,137 - scanner - INFO - Background scan completed for omnigaurd-java_20251204_173731
